<?xml version="1.0" encoding="UTF-8"?>
<!-- Generated by org.testng.reporters.JUnitXMLReporter -->
<testsuite ignored="0" hostname="AAGAM-SHAH" failures="0" tests="5" name="ChromeTest" time="13.787" errors="0" timestamp="2023-02-13T16:04:04 IST">
  <testcase classname="TestNGnop.Verificationoflink" name="@BeforeClass beforeclass" time="0.003">
    <failure type="java.lang.NoSuchMethodError" message="&amp;apos;void org.openqa.selenium.support.PageFactory.initElements(org.openqa.selenium.WebDriver, java.lang.Object)&amp;apos;">
      <![CDATA[java.lang.NoSuchMethodError: 'void org.openqa.selenium.support.PageFactory.initElements(org.openqa.selenium.WebDriver, java.lang.Object)'
at Pomclassnopcom.homepagetestclass.<init>(homepagetestclass.java:33)
at TestNGnop.Verificationoflink.beforeclass(Verificationoflink.java:56)
at java.base/java.util.concurrent.ThreadPoolExecutor.runWorker(ThreadPoolExecutor.java:1136)
at java.base/java.util.concurrent.ThreadPoolExecutor$Worker.run(ThreadPoolExecutor.java:635)
at java.base/java.lang.Thread.run(Thread.java:833)
... Removed 10 stack frames]]>
    </failure>
  </testcase> <!-- @BeforeClass beforeclass -->
  <testcase classname="TestNGnop.VerificationofnopcomTestNg" name="@BeforeClass beforeclass" time="0.002">
    <failure type="java.lang.NoSuchMethodError" message="&amp;apos;void org.openqa.selenium.support.PageFactory.initElements(org.openqa.selenium.WebDriver, java.lang.Object)&amp;apos;">
      <![CDATA[java.lang.NoSuchMethodError: 'void org.openqa.selenium.support.PageFactory.initElements(org.openqa.selenium.WebDriver, java.lang.Object)'
at Pomclassnopcom.homepagetestclass.<init>(homepagetestclass.java:33)
at TestNGnop.VerificationofnopcomTestNg.beforeclass(VerificationofnopcomTestNg.java:58)
at java.base/java.util.concurrent.ThreadPoolExecutor.runWorker(ThreadPoolExecutor.java:1136)
at java.base/java.util.concurrent.ThreadPoolExecutor$Worker.run(ThreadPoolExecutor.java:635)
at java.base/java.lang.Thread.run(Thread.java:833)
... Removed 10 stack frames]]>
    </failure>
  </testcase> <!-- @BeforeClass beforeclass -->
  <testcase classname="TestNGnop.VerificationofbookTestNG" name="@BeforeClass CreatPomObjects" time="0.003">
    <failure type="java.lang.NoSuchMethodError" message="&amp;apos;void org.openqa.selenium.support.PageFactory.initElements(org.openqa.selenium.WebDriver, java.lang.Object)&amp;apos;">
      <![CDATA[java.lang.NoSuchMethodError: 'void org.openqa.selenium.support.PageFactory.initElements(org.openqa.selenium.WebDriver, java.lang.Object)'
at Pomclassnopcom.homepagetestclass.<init>(homepagetestclass.java:33)
at TestNGnop.VerificationofbookTestNG.CreatPomObjects(VerificationofbookTestNG.java:59)
at java.base/java.util.concurrent.ThreadPoolExecutor.runWorker(ThreadPoolExecutor.java:1136)
at java.base/java.util.concurrent.ThreadPoolExecutor$Worker.run(ThreadPoolExecutor.java:635)
at java.base/java.lang.Thread.run(Thread.java:833)
... Removed 10 stack frames]]>
    </failure>
  </testcase> <!-- @BeforeClass CreatPomObjects -->
  <testcase classname="TestNGnop.VerificationofbookTestNG" name="@BeforeMethod lunchbrowser" time="-1.676284444502E9">
    <skipped/>
  </testcase> <!-- @BeforeMethod lunchbrowser -->
  <testcase classname="TestNGnop.VerificationofnopcomTestNg" name="@BeforeMethod lunchbrowser" time="-1.676284444502E9">
    <skipped/>
  </testcase> <!-- @BeforeMethod lunchbrowser -->
  <testcase classname="TestNGnop.VerificationofbookTestNG" name="@AfterMethod afterMethod" time="-1.676284444519E9">
    <skipped/>
  </testcase> <!-- @AfterMethod afterMethod -->
  <testcase classname="TestNGnop.Verificationoflink" name="@BeforeMethod lunchbrowser" time="-1.676284444502E9">
    <skipped/>
  </testcase> <!-- @BeforeMethod lunchbrowser -->
  <testcase classname="TestNGnop.Verificationoflink" name="@AfterMethod tearDown" time="-1.676284444542E9">
    <skipped/>
  </testcase> <!-- @AfterMethod tearDown -->
  <testcase classname="TestNGnop.VerificationofnopcomTestNg" name="@AfterMethod afterMethod" time="-1.676284444546E9">
    <skipped/>
  </testcase> <!-- @AfterMethod afterMethod -->
  <testcase classname="TestNGnop.VerificationofbookTestNG" name="@AfterClass afterClass" time="-1.676284444548E9">
    <skipped/>
  </testcase> <!-- @AfterClass afterClass -->
  <testcase classname="TestNGnop.Verificationoflink" name="@BeforeMethod lunchbrowser" time="-1.676284444552E9">
    <skipped/>
  </testcase> <!-- @BeforeMethod lunchbrowser -->
  <testcase classname="TestNGnop.Verificationoflink" name="@AfterMethod tearDown" time="-1.676284444562E9">
    <skipped/>
  </testcase> <!-- @AfterMethod tearDown -->
  <testcase classname="TestNGnop.Verificationoflink" name="@AfterClass afterClass" time="-1.676284444566E9">
    <skipped/>
  </testcase> <!-- @AfterClass afterClass -->
  <testcase classname="TestNGnop.VerificationofnopcomTestNg" name="@BeforeMethod lunchbrowser" time="-1.67628444457E9">
    <skipped/>
  </testcase> <!-- @BeforeMethod lunchbrowser -->
  <testcase classname="TestNGnop.VerificationofnopcomTestNg" name="@AfterMethod afterMethod" time="-1.676284444581E9">
    <skipped/>
  </testcase> <!-- @AfterMethod afterMethod -->
  <testcase classname="TestNGnop.VerificationofnopcomTestNg" name="@AfterClass afterClass" time="-1.676284444583E9">
    <skipped/>
  </testcase> <!-- @AfterClass afterClass -->
  <testcase classname="TestNGnop.VerificationofbookTestNG" name="@AfterTest afterTest" time="-1.676284444594E9">
    <skipped/>
  </testcase> <!-- @AfterTest afterTest -->
  <testcase classname="TestNGnop.Verificationoflink" name="@AfterTest afterTest" time="-1.676284444598E9">
    <skipped/>
  </testcase> <!-- @AfterTest afterTest -->
  <testcase classname="TestNGnop.VerificationofnopcomTestNg" name="@AfterTest afterTest" time="-1.676284444602E9">
    <skipped/>
  </testcase> <!-- @AfterTest afterTest -->
  <testcase classname="TestNGnop.VerificationofbookTestNG" name="testVerificationofBookPurchase" time="0.0">
    <skipped/>
  </testcase> <!-- testVerificationofBookPurchase -->
  <testcase classname="TestNGnop.VerificationofnopcomTestNg" name="testregistration" time="0.0">
    <skipped/>
  </testcase> <!-- testregistration -->
  <testcase classname="TestNGnop.Verificationoflink" name="testLOGIN" time="0.0">
    <skipped/>
  </testcase> <!-- testLOGIN -->
  <testcase classname="TestNGnop.Verificationoflink" name="testregistration" time="0.0">
    <skipped/>
  </testcase> <!-- testregistration -->
  <testcase classname="TestNGnop.VerificationofnopcomTestNg" name="testlogin" time="0.0">
    <skipped/>
  </testcase> <!-- testlogin -->
</testsuite> <!-- ChromeTest -->
