<?xml version="1.0" encoding="UTF-8"?>
<!-- Generated by org.testng.reporters.JUnitXMLReporter -->
<testsuite ignored="0" hostname="AAGAM-SHAH" failures="0" tests="5" name="EdgeTest" time="18.418" errors="0" timestamp="2023-02-13T13:58:30 IST">
  <testcase classname="TestNGnop.Verificationoflink" name="@BeforeClass beforeclass" time="0.001">
    <failure type="java.lang.NoSuchMethodError" message="&amp;apos;void org.openqa.selenium.support.PageFactory.initElements(org.openqa.selenium.WebDriver, java.lang.Object)&amp;apos;">
      <![CDATA[java.lang.NoSuchMethodError: 'void org.openqa.selenium.support.PageFactory.initElements(org.openqa.selenium.WebDriver, java.lang.Object)'
at Pomclassnopcom.homepagetestclass.<init>(homepagetestclass.java:33)
at TestNGnop.Verificationoflink.beforeclass(Verificationoflink.java:55)
at java.base/java.util.concurrent.ThreadPoolExecutor.runWorker(ThreadPoolExecutor.java:1136)
at java.base/java.util.concurrent.ThreadPoolExecutor$Worker.run(ThreadPoolExecutor.java:635)
at java.base/java.lang.Thread.run(Thread.java:833)
... Removed 10 stack frames]]>
    </failure>
  </testcase> <!-- @BeforeClass beforeclass -->
  <testcase classname="TestNGnop.VerificationofbookTestNG" name="@BeforeClass CreatPomObjects" time="0.001">
    <failure type="java.lang.NoSuchMethodError" message="&amp;apos;void org.openqa.selenium.support.PageFactory.initElements(org.openqa.selenium.WebDriver, java.lang.Object)&amp;apos;">
      <![CDATA[java.lang.NoSuchMethodError: 'void org.openqa.selenium.support.PageFactory.initElements(org.openqa.selenium.WebDriver, java.lang.Object)'
at Pomclassnopcom.homepagetestclass.<init>(homepagetestclass.java:33)
at TestNGnop.VerificationofbookTestNG.CreatPomObjects(VerificationofbookTestNG.java:59)
at java.base/java.util.concurrent.ThreadPoolExecutor.runWorker(ThreadPoolExecutor.java:1136)
at java.base/java.util.concurrent.ThreadPoolExecutor$Worker.run(ThreadPoolExecutor.java:635)
at java.base/java.lang.Thread.run(Thread.java:833)
... Removed 10 stack frames]]>
    </failure>
  </testcase> <!-- @BeforeClass CreatPomObjects -->
  <testcase classname="TestNGnop.VerificationofnopcomTestNg" name="@BeforeClass beforeclass" time="0.001">
    <failure type="java.lang.NoSuchMethodError" message="&amp;apos;void org.openqa.selenium.support.PageFactory.initElements(org.openqa.selenium.WebDriver, java.lang.Object)&amp;apos;">
      <![CDATA[java.lang.NoSuchMethodError: 'void org.openqa.selenium.support.PageFactory.initElements(org.openqa.selenium.WebDriver, java.lang.Object)'
at Pomclassnopcom.homepagetestclass.<init>(homepagetestclass.java:33)
at TestNGnop.VerificationofnopcomTestNg.beforeclass(VerificationofnopcomTestNg.java:57)
at java.base/java.util.concurrent.ThreadPoolExecutor.runWorker(ThreadPoolExecutor.java:1136)
at java.base/java.util.concurrent.ThreadPoolExecutor$Worker.run(ThreadPoolExecutor.java:635)
at java.base/java.lang.Thread.run(Thread.java:833)
... Removed 10 stack frames]]>
    </failure>
  </testcase> <!-- @BeforeClass beforeclass -->
  <testcase classname="TestNGnop.Verificationoflink" name="@BeforeMethod lunchbrowser" time="-1.676276909626E9">
    <skipped/>
  </testcase> <!-- @BeforeMethod lunchbrowser -->
  <testcase classname="TestNGnop.VerificationofbookTestNG" name="@BeforeMethod lunchbrowser" time="-1.676276909628E9">
    <skipped/>
  </testcase> <!-- @BeforeMethod lunchbrowser -->
  <testcase classname="TestNGnop.VerificationofnopcomTestNg" name="@BeforeMethod lunchbrowser" time="-1.676276909636E9">
    <skipped/>
  </testcase> <!-- @BeforeMethod lunchbrowser -->
  <testcase classname="TestNGnop.Verificationoflink" name="@AfterMethod tearDown" time="-1.676276909639E9">
    <skipped/>
  </testcase> <!-- @AfterMethod tearDown -->
  <testcase classname="TestNGnop.Verificationoflink" name="@BeforeMethod lunchbrowser" time="-1.676276909644E9">
    <skipped/>
  </testcase> <!-- @BeforeMethod lunchbrowser -->
  <testcase classname="TestNGnop.VerificationofbookTestNG" name="@AfterMethod afterMethod" time="-1.676276909652E9">
    <skipped/>
  </testcase> <!-- @AfterMethod afterMethod -->
  <testcase classname="TestNGnop.Verificationoflink" name="@AfterMethod tearDown" time="-1.676276909662E9">
    <skipped/>
  </testcase> <!-- @AfterMethod tearDown -->
  <testcase classname="TestNGnop.VerificationofbookTestNG" name="@AfterClass afterClass" time="-1.676276909667E9">
    <skipped/>
  </testcase> <!-- @AfterClass afterClass -->
  <testcase classname="TestNGnop.Verificationoflink" name="@AfterClass afterClass" time="-1.676276909668E9">
    <skipped/>
  </testcase> <!-- @AfterClass afterClass -->
  <testcase classname="TestNGnop.VerificationofnopcomTestNg" name="@AfterMethod afterMethod" time="-1.676276909671E9">
    <skipped/>
  </testcase> <!-- @AfterMethod afterMethod -->
  <testcase classname="TestNGnop.VerificationofnopcomTestNg" name="@BeforeMethod lunchbrowser" time="-1.676276909675E9">
    <skipped/>
  </testcase> <!-- @BeforeMethod lunchbrowser -->
  <testcase classname="TestNGnop.VerificationofnopcomTestNg" name="@AfterMethod afterMethod" time="-1.676276909718E9">
    <skipped/>
  </testcase> <!-- @AfterMethod afterMethod -->
  <testcase classname="TestNGnop.VerificationofnopcomTestNg" name="@AfterClass afterClass" time="-1.676276909721E9">
    <skipped/>
  </testcase> <!-- @AfterClass afterClass -->
  <testcase classname="TestNGnop.VerificationofbookTestNG" name="@AfterTest afterTest" time="-1.676276909733E9">
    <skipped/>
  </testcase> <!-- @AfterTest afterTest -->
  <testcase classname="TestNGnop.Verificationoflink" name="@AfterTest afterTest" time="-1.676276909736E9">
    <skipped/>
  </testcase> <!-- @AfterTest afterTest -->
  <testcase classname="TestNGnop.VerificationofnopcomTestNg" name="@AfterTest afterTest" time="-1.676276909737E9">
    <skipped/>
  </testcase> <!-- @AfterTest afterTest -->
  <testcase classname="TestNGnop.Verificationoflink" name="testLOGIN" time="0.0">
    <skipped/>
  </testcase> <!-- testLOGIN -->
  <testcase classname="TestNGnop.VerificationofbookTestNG" name="testVerificationofBookPurchase" time="0.0">
    <skipped/>
  </testcase> <!-- testVerificationofBookPurchase -->
  <testcase classname="TestNGnop.Verificationoflink" name="testregistration" time="0.0">
    <skipped/>
  </testcase> <!-- testregistration -->
  <testcase classname="TestNGnop.VerificationofnopcomTestNg" name="testregistration" time="0.0">
    <skipped/>
  </testcase> <!-- testregistration -->
  <testcase classname="TestNGnop.VerificationofnopcomTestNg" name="testlogin" time="0.0">
    <skipped/>
  </testcase> <!-- testlogin -->
</testsuite> <!-- EdgeTest -->
