<?xml version="1.0" encoding="UTF-8"?>
<!-- Generated by org.testng.reporters.JUnitXMLReporter -->
<testsuite ignored="0" hostname="AAGAM-SHAH" failures="0" tests="5" name="FireFoxTest" time="0.513" errors="0" timestamp="2023-02-13T16:04:05 IST">
  <testcase classname="TestNGnop.VerificationofbookTestNG" name="@BeforeTest Lunchbrowser" time="0.242">
    <failure type="org.openqa.selenium.SessionNotCreatedException" message="Could not start a new session. Possible causes are invalid address of the remote server or browser start-up failure. 
Host info: host: &amp;apos;AAGAM-SHAH&amp;apos;, ip: &amp;apos;192.168.0.104&amp;apos;">
      <![CDATA[org.openqa.selenium.SessionNotCreatedException: Could not start a new session. Possible causes are invalid address of the remote server or browser start-up failure. 
Host info: host: 'AAGAM-SHAH', ip: '192.168.0.104'
at org.openqa.selenium.remote.RemoteWebDriver.execute(RemoteWebDriver.java:559)
at org.openqa.selenium.remote.RemoteWebDriver.startSession(RemoteWebDriver.java:242)
at org.openqa.selenium.remote.RemoteWebDriver.<init>(RemoteWebDriver.java:157)
at org.openqa.selenium.firefox.FirefoxDriver.<init>(FirefoxDriver.java:111)
at org.openqa.selenium.firefox.FirefoxDriver.<init>(FirefoxDriver.java:99)
at org.openqa.selenium.firefox.FirefoxDriver.<init>(FirefoxDriver.java:95)
at Base.Browser.openFirefoxBrowser(Browser.java:20)
at TestNGnop.VerificationofbookTestNG.Lunchbrowser(VerificationofbookTestNG.java:45)
Caused by: org.openqa.selenium.WebDriverException: Driver server process died prematurely.
Build info: version: '4.7.0', revision: '52e3a49ea2'
System info: os.name: 'Windows 10', os.arch: 'amd64', os.version: '10.0', java.version: '17.0.4.1'
Driver info: driver.version: FirefoxDriver
at org.openqa.selenium.remote.service.DriverService.start(DriverService.java:239)
at org.openqa.selenium.remote.service.DriverCommandExecutor.execute(DriverCommandExecutor.java:98)
at org.openqa.selenium.remote.RemoteWebDriver.execute(RemoteWebDriver.java:541)
... 31 more
... Removed 24 stack frames]]>
    </failure>
  </testcase> <!-- @BeforeTest Lunchbrowser -->
  <testcase classname="TestNGnop.Verificationoflink" name="@BeforeTest Lunchbrowser" time="-1.676284445105E9">
    <skipped/>
  </testcase> <!-- @BeforeTest Lunchbrowser -->
  <testcase classname="TestNGnop.VerificationofnopcomTestNg" name="@BeforeTest Lunchbrowser" time="-1.676284445112E9">
    <skipped/>
  </testcase> <!-- @BeforeTest Lunchbrowser -->
  <testcase classname="TestNGnop.Verificationoflink" name="@BeforeClass beforeclass" time="-1.676284445207E9">
    <skipped/>
  </testcase> <!-- @BeforeClass beforeclass -->
  <testcase classname="TestNGnop.VerificationofbookTestNG" name="@BeforeClass CreatPomObjects" time="-1.67628444521E9">
    <skipped/>
  </testcase> <!-- @BeforeClass CreatPomObjects -->
  <testcase classname="TestNGnop.Verificationoflink" name="@BeforeMethod lunchbrowser" time="-1.676284445211E9">
    <skipped/>
  </testcase> <!-- @BeforeMethod lunchbrowser -->
  <testcase classname="TestNGnop.VerificationofbookTestNG" name="@BeforeMethod lunchbrowser" time="-1.676284445216E9">
    <skipped/>
  </testcase> <!-- @BeforeMethod lunchbrowser -->
  <testcase classname="TestNGnop.VerificationofbookTestNG" name="@AfterMethod afterMethod" time="-1.676284445225E9">
    <skipped/>
  </testcase> <!-- @AfterMethod afterMethod -->
  <testcase classname="TestNGnop.VerificationofbookTestNG" name="@AfterClass afterClass" time="-1.676284445228E9">
    <skipped/>
  </testcase> <!-- @AfterClass afterClass -->
  <testcase classname="TestNGnop.Verificationoflink" name="@AfterMethod tearDown" time="-1.676284445232E9">
    <skipped/>
  </testcase> <!-- @AfterMethod tearDown -->
  <testcase classname="TestNGnop.VerificationofnopcomTestNg" name="@BeforeClass beforeclass" time="-1.676284445232E9">
    <skipped/>
  </testcase> <!-- @BeforeClass beforeclass -->
  <testcase classname="TestNGnop.Verificationoflink" name="@BeforeMethod lunchbrowser" time="-1.676284445234E9">
    <skipped/>
  </testcase> <!-- @BeforeMethod lunchbrowser -->
  <testcase classname="TestNGnop.VerificationofnopcomTestNg" name="@BeforeMethod lunchbrowser" time="-1.676284445236E9">
    <skipped/>
  </testcase> <!-- @BeforeMethod lunchbrowser -->
  <testcase classname="TestNGnop.VerificationofnopcomTestNg" name="@AfterMethod afterMethod" time="-1.676284445243E9">
    <skipped/>
  </testcase> <!-- @AfterMethod afterMethod -->
  <testcase classname="TestNGnop.VerificationofnopcomTestNg" name="@BeforeMethod lunchbrowser" time="-1.676284445253E9">
    <skipped/>
  </testcase> <!-- @BeforeMethod lunchbrowser -->
  <testcase classname="TestNGnop.Verificationoflink" name="@AfterMethod tearDown" time="-1.676284445259E9">
    <skipped/>
  </testcase> <!-- @AfterMethod tearDown -->
  <testcase classname="TestNGnop.Verificationoflink" name="@AfterClass afterClass" time="-1.676284445261E9">
    <skipped/>
  </testcase> <!-- @AfterClass afterClass -->
  <testcase classname="TestNGnop.VerificationofnopcomTestNg" name="@AfterMethod afterMethod" time="-1.6762844453E9">
    <skipped/>
  </testcase> <!-- @AfterMethod afterMethod -->
  <testcase classname="TestNGnop.VerificationofnopcomTestNg" name="@AfterClass afterClass" time="-1.676284445304E9">
    <skipped/>
  </testcase> <!-- @AfterClass afterClass -->
  <testcase classname="TestNGnop.VerificationofbookTestNG" name="@AfterTest afterTest" time="-1.676284445325E9">
    <skipped/>
  </testcase> <!-- @AfterTest afterTest -->
  <testcase classname="TestNGnop.Verificationoflink" name="@AfterTest afterTest" time="-1.676284445331E9">
    <skipped/>
  </testcase> <!-- @AfterTest afterTest -->
  <testcase classname="TestNGnop.VerificationofnopcomTestNg" name="@AfterTest afterTest" time="-1.676284445337E9">
    <skipped/>
  </testcase> <!-- @AfterTest afterTest -->
  <testcase classname="TestNGnop.Verificationoflink" name="testLOGIN" time="0.0">
    <skipped/>
  </testcase> <!-- testLOGIN -->
  <testcase classname="TestNGnop.VerificationofbookTestNG" name="testVerificationofBookPurchase" time="0.0">
    <skipped/>
  </testcase> <!-- testVerificationofBookPurchase -->
  <testcase classname="TestNGnop.VerificationofnopcomTestNg" name="testregistration" time="0.0">
    <skipped/>
  </testcase> <!-- testregistration -->
  <testcase classname="TestNGnop.Verificationoflink" name="testregistration" time="0.0">
    <skipped/>
  </testcase> <!-- testregistration -->
  <testcase classname="TestNGnop.VerificationofnopcomTestNg" name="testlogin" time="0.0">
    <skipped/>
  </testcase> <!-- testlogin -->
</testsuite> <!-- FireFoxTest -->
