<?xml version="1.0" encoding="UTF-8"?>
<!-- Generated by org.testng.reporters.JUnitXMLReporter -->
<testsuite ignored="0" hostname="AAGAM-SHAH" failures="0" tests="5" name="Test" time="25.104" errors="0" timestamp="2023-02-13T14:24:13 IST">
  <testcase classname="TestNGnop.Verificationoflink" name="@BeforeClass beforeclass" time="0.002">
    <failure type="java.lang.NoSuchMethodError" message="&amp;apos;void org.openqa.selenium.support.PageFactory.initElements(org.openqa.selenium.WebDriver, java.lang.Object)&amp;apos;">
      <![CDATA[java.lang.NoSuchMethodError: 'void org.openqa.selenium.support.PageFactory.initElements(org.openqa.selenium.WebDriver, java.lang.Object)'
at Pomclassnopcom.homepagetestclass.<init>(homepagetestclass.java:33)
at TestNGnop.Verificationoflink.beforeclass(Verificationoflink.java:55)
at java.base/java.util.concurrent.ThreadPoolExecutor.runWorker(ThreadPoolExecutor.java:1136)
at java.base/java.util.concurrent.ThreadPoolExecutor$Worker.run(ThreadPoolExecutor.java:635)
at java.base/java.lang.Thread.run(Thread.java:833)
... Removed 10 stack frames]]>
    </failure>
  </testcase> <!-- @BeforeClass beforeclass -->
  <testcase classname="TestNGnop.VerificationofnopcomTestNg" name="@BeforeClass beforeclass" time="0.002">
    <failure type="java.lang.NoSuchMethodError" message="&amp;apos;void org.openqa.selenium.support.PageFactory.initElements(org.openqa.selenium.WebDriver, java.lang.Object)&amp;apos;">
      <![CDATA[java.lang.NoSuchMethodError: 'void org.openqa.selenium.support.PageFactory.initElements(org.openqa.selenium.WebDriver, java.lang.Object)'
at Pomclassnopcom.homepagetestclass.<init>(homepagetestclass.java:33)
at TestNGnop.VerificationofnopcomTestNg.beforeclass(VerificationofnopcomTestNg.java:57)
at java.base/java.util.concurrent.ThreadPoolExecutor.runWorker(ThreadPoolExecutor.java:1136)
at java.base/java.util.concurrent.ThreadPoolExecutor$Worker.run(ThreadPoolExecutor.java:635)
at java.base/java.lang.Thread.run(Thread.java:833)
... Removed 10 stack frames]]>
    </failure>
  </testcase> <!-- @BeforeClass beforeclass -->
  <testcase classname="TestNGnop.VerificationofbookTestNG" name="@BeforeClass CreatPomObjects" time="0.002">
    <failure type="java.lang.NoSuchMethodError" message="&amp;apos;void org.openqa.selenium.support.PageFactory.initElements(org.openqa.selenium.WebDriver, java.lang.Object)&amp;apos;">
      <![CDATA[java.lang.NoSuchMethodError: 'void org.openqa.selenium.support.PageFactory.initElements(org.openqa.selenium.WebDriver, java.lang.Object)'
at Pomclassnopcom.homepagetestclass.<init>(homepagetestclass.java:33)
at TestNGnop.VerificationofbookTestNG.CreatPomObjects(VerificationofbookTestNG.java:59)
at java.base/java.util.concurrent.ThreadPoolExecutor.runWorker(ThreadPoolExecutor.java:1136)
at java.base/java.util.concurrent.ThreadPoolExecutor$Worker.run(ThreadPoolExecutor.java:635)
at java.base/java.lang.Thread.run(Thread.java:833)
... Removed 10 stack frames]]>
    </failure>
  </testcase> <!-- @BeforeClass CreatPomObjects -->
  <testcase classname="TestNGnop.VerificationofbookTestNG" name="@BeforeMethod lunchbrowser" time="-1.676278453447E9">
    <skipped/>
  </testcase> <!-- @BeforeMethod lunchbrowser -->
  <testcase classname="TestNGnop.VerificationofbookTestNG" name="@AfterMethod afterMethod" time="-1.676278453467E9">
    <skipped/>
  </testcase> <!-- @AfterMethod afterMethod -->
  <testcase classname="TestNGnop.VerificationofbookTestNG" name="@AfterClass afterClass" time="-1.676278453472E9">
    <skipped/>
  </testcase> <!-- @AfterClass afterClass -->
  <testcase classname="TestNGnop.VerificationofnopcomTestNg" name="@BeforeMethod lunchbrowser" time="-1.676278453447E9">
    <skipped/>
  </testcase> <!-- @BeforeMethod lunchbrowser -->
  <testcase classname="TestNGnop.VerificationofnopcomTestNg" name="@AfterMethod afterMethod" time="-1.676278453491E9">
    <skipped/>
  </testcase> <!-- @AfterMethod afterMethod -->
  <testcase classname="TestNGnop.VerificationofnopcomTestNg" name="@BeforeMethod lunchbrowser" time="-1.676278453497E9">
    <skipped/>
  </testcase> <!-- @BeforeMethod lunchbrowser -->
  <testcase classname="TestNGnop.VerificationofnopcomTestNg" name="@AfterMethod afterMethod" time="-1.676278453509E9">
    <skipped/>
  </testcase> <!-- @AfterMethod afterMethod -->
  <testcase classname="TestNGnop.Verificationoflink" name="@BeforeMethod lunchbrowser" time="-1.676278453447E9">
    <skipped/>
  </testcase> <!-- @BeforeMethod lunchbrowser -->
  <testcase classname="TestNGnop.VerificationofnopcomTestNg" name="@AfterClass afterClass" time="-1.676278453512E9">
    <skipped/>
  </testcase> <!-- @AfterClass afterClass -->
  <testcase classname="TestNGnop.Verificationoflink" name="@AfterMethod tearDown" time="-1.676278453531E9">
    <skipped/>
  </testcase> <!-- @AfterMethod tearDown -->
  <testcase classname="TestNGnop.Verificationoflink" name="@BeforeMethod lunchbrowser" time="-1.676278453547E9">
    <skipped/>
  </testcase> <!-- @BeforeMethod lunchbrowser -->
  <testcase classname="TestNGnop.Verificationoflink" name="@AfterMethod tearDown" time="-1.676278453581E9">
    <skipped/>
  </testcase> <!-- @AfterMethod tearDown -->
  <testcase classname="TestNGnop.Verificationoflink" name="@AfterClass afterClass" time="-1.676278453585E9">
    <skipped/>
  </testcase> <!-- @AfterClass afterClass -->
  <testcase classname="TestNGnop.VerificationofbookTestNG" name="@AfterTest afterTest" time="-1.676278453592E9">
    <skipped/>
  </testcase> <!-- @AfterTest afterTest -->
  <testcase classname="TestNGnop.Verificationoflink" name="@AfterTest afterTest" time="-1.676278453598E9">
    <skipped/>
  </testcase> <!-- @AfterTest afterTest -->
  <testcase classname="TestNGnop.VerificationofnopcomTestNg" name="@AfterTest afterTest" time="-1.676278453617E9">
    <skipped/>
  </testcase> <!-- @AfterTest afterTest -->
  <testcase classname="TestNGnop.VerificationofbookTestNG" name="testVerificationofBookPurchase" time="0.0">
    <skipped/>
  </testcase> <!-- testVerificationofBookPurchase -->
  <testcase classname="TestNGnop.VerificationofnopcomTestNg" name="testregistration" time="0.0">
    <skipped/>
  </testcase> <!-- testregistration -->
  <testcase classname="TestNGnop.VerificationofnopcomTestNg" name="testlogin" time="0.0">
    <skipped/>
  </testcase> <!-- testlogin -->
  <testcase classname="TestNGnop.Verificationoflink" name="testLOGIN" time="0.0">
    <skipped/>
  </testcase> <!-- testLOGIN -->
  <testcase classname="TestNGnop.Verificationoflink" name="testregistration" time="0.0">
    <skipped/>
  </testcase> <!-- testregistration -->
</testsuite> <!-- Test -->
