<!DOCTYPE html PUBLIC "-//W3C//DTD XHTML 1.1//EN" "https://www.w3.org/TR/xhtml11/DTD/xhtml11.dtd">
<html xmlns="https://www.w3.org/1999/xhtml">
<head>
<meta http-equiv="content-type" content="text/html; charset=UTF-8"/>
<title>TestNG Report</title>
<style type="text/css">table {margin-bottom:10px;border-collapse:collapse;empty-cells:show}th,td {border:1px solid #009;padding:.25em .5em}th {vertical-align:bottom}td {vertical-align:top}table a {font-weight:bold}.stripe td {background-color: #E6EBF9}.num {text-align:right}.passedodd td {background-color: #3F3}.passedeven td {background-color: #0A0}.skippedodd td {background-color: #DDD}.skippedeven td {background-color: #CCC}.failedodd td,.attn {background-color: #F33}.failedeven td,.stripe .attn {background-color: #D00}.stacktrace {white-space:pre;font-family:monospace}.totop {font-size:85%;text-align:center;border-bottom:2px solid #000}.invisible {display:none}</style>
</head>
<body>
<table>
<tr><th>Test</th><th># Passed</th><th># Skipped</th><th># Retried</th><th># Failed</th><th>Time (ms)</th><th>Included Groups</th><th>Excluded Groups</th></tr>
<tr><th colspan="8">Suite</th></tr>
<tr><td><a href="#t0">ChromeTest</a></td><td class="num">0</td><td class="num attn">5</td><td class="num">0</td><td class="num">0</td><td class="num">13,787</td><td></td><td></td></tr>
<tr class="stripe"><td><a href="#t1">FireFoxTest</a></td><td class="num">0</td><td class="num attn">5</td><td class="num">0</td><td class="num">0</td><td class="num">513</td><td></td><td></td></tr>
<tr><th>Total</th><th class="num">0</th><th class="num attn">10</th><th class="num">0</th><th class="num">0</th><th class="num">14,300</th><th colspan="2"></th></tr>
</table>
<table id='summary'><thead><tr><th>Class</th><th>Method</th><th>Start</th><th>Time (ms)</th></tr></thead><tbody><tr><th colspan="4">Suite</th></tr></tbody><tbody id="t0"><tr><th colspan="4">ChromeTest &#8212; failed (configuration methods)</th></tr><tr class="failedeven"><td rowspan="1">TestNGnop.VerificationofbookTestNG</td><td><a href="#m0">CreatPomObjects</a></td><td rowspan="1">1676284444448</td><td rowspan="1">3</td></tr><tr class="failedodd"><td rowspan="1">TestNGnop.Verificationoflink</td><td><a href="#m1">beforeclass</a></td><td rowspan="1">1676284444449</td><td rowspan="1">3</td></tr><tr class="failedeven"><td rowspan="1">TestNGnop.VerificationofnopcomTestNg</td><td><a href="#m2">beforeclass</a></td><td rowspan="1">1676284444449</td><td rowspan="1">2</td></tr><tr><th colspan="4">ChromeTest &#8212; skipped (configuration methods)</th></tr><tr class="skippedeven"><td rowspan="4">TestNGnop.VerificationofbookTestNG</td><td><a href="#m3">afterClass</a></td><td rowspan="1">1676284444548</td><td rowspan="1">-1676284444548</td></tr><tr class="skippedeven"><td><a href="#m4">afterMethod</a></td><td rowspan="1">1676284444519</td><td rowspan="1">-1676284444519</td></tr><tr class="skippedeven"><td><a href="#m5">afterTest</a></td><td rowspan="1">1676284444594</td><td rowspan="1">-1676284444594</td></tr><tr class="skippedeven"><td><a href="#m6">lunchbrowser</a></td><td rowspan="1">1676284444502</td><td rowspan="1">-1676284444502</td></tr><tr class="skippedodd"><td rowspan="6">TestNGnop.Verificationoflink</td><td><a href="#m7">afterClass</a></td><td rowspan="1">1676284444566</td><td rowspan="1">-1676284444566</td></tr><tr class="skippedodd"><td><a href="#m8">afterTest</a></td><td rowspan="1">1676284444598</td><td rowspan="1">-1676284444598</td></tr><tr class="skippedodd"><td><a href="#m9">lunchbrowser</a></td><td rowspan="2">1676284444552</td><td rowspan="2">-1676284444552</td></tr><tr class="skippedodd"><td><a href="#m10">lunchbrowser</a></td></tr><tr class="skippedodd"><td><a href="#m11">tearDown</a></td><td rowspan="2">1676284444542</td><td rowspan="2">-1676284444542</td></tr><tr class="skippedodd"><td><a href="#m12">tearDown</a></td></tr><tr class="skippedeven"><td rowspan="6">TestNGnop.VerificationofnopcomTestNg</td><td><a href="#m13">afterClass</a></td><td rowspan="1">1676284444583</td><td rowspan="1">-1676284444583</td></tr><tr class="skippedeven"><td><a href="#m14">afterMethod</a></td><td rowspan="2">1676284444546</td><td rowspan="2">-1676284444546</td></tr><tr class="skippedeven"><td><a href="#m15">afterMethod</a></td></tr><tr class="skippedeven"><td><a href="#m16">afterTest</a></td><td rowspan="1">1676284444602</td><td rowspan="1">-1676284444602</td></tr><tr class="skippedeven"><td><a href="#m17">lunchbrowser</a></td><td rowspan="2">1676284444502</td><td rowspan="2">-1676284444502</td></tr><tr class="skippedeven"><td><a href="#m18">lunchbrowser</a></td></tr><tr><th colspan="4">ChromeTest &#8212; skipped</th></tr><tr class="skippedeven"><td rowspan="1">TestNGnop.VerificationofbookTestNG</td><td><a href="#m19">testVerificationofBookPurchase</a></td><td rowspan="1">1676284444512</td><td rowspan="1">0</td></tr><tr class="skippedodd"><td rowspan="2">TestNGnop.Verificationoflink</td><td><a href="#m20">testLOGIN</a></td><td rowspan="1">1676284444533</td><td rowspan="1">0</td></tr><tr class="skippedodd"><td><a href="#m21">testregistration</a></td><td rowspan="1">1676284444555</td><td rowspan="1">0</td></tr><tr class="skippedeven"><td rowspan="2">TestNGnop.VerificationofnopcomTestNg</td><td><a href="#m22">testlogin</a></td><td rowspan="1">1676284444572</td><td rowspan="1">0</td></tr><tr class="skippedeven"><td><a href="#m23">testregistration</a></td><td rowspan="1">1676284444515</td><td rowspan="1">0</td></tr></tbody>
<tbody id="t1"><tr><th colspan="4">FireFoxTest &#8212; failed (configuration methods)</th></tr><tr class="failedeven"><td rowspan="1">TestNGnop.VerificationofbookTestNG</td><td><a href="#m24">Lunchbrowser</a></td><td rowspan="1">1676284444831</td><td rowspan="1">242</td></tr><tr><th colspan="4">FireFoxTest &#8212; skipped (configuration methods)</th></tr><tr class="skippedeven"><td rowspan="5">TestNGnop.VerificationofbookTestNG</td><td><a href="#m25">CreatPomObjects</a></td><td rowspan="1">1676284445210</td><td rowspan="1">-1676284445210</td></tr><tr class="skippedeven"><td><a href="#m26">afterClass</a></td><td rowspan="1">1676284445228</td><td rowspan="1">-1676284445228</td></tr><tr class="skippedeven"><td><a href="#m27">afterMethod</a></td><td rowspan="1">1676284445225</td><td rowspan="1">-1676284445225</td></tr><tr class="skippedeven"><td><a href="#m28">afterTest</a></td><td rowspan="1">1676284445325</td><td rowspan="1">-1676284445325</td></tr><tr class="skippedeven"><td><a href="#m29">lunchbrowser</a></td><td rowspan="1">1676284445216</td><td rowspan="1">-1676284445216</td></tr><tr class="skippedodd"><td rowspan="8">TestNGnop.Verificationoflink</td><td><a href="#m30">Lunchbrowser</a></td><td rowspan="1">1676284445105</td><td rowspan="1">-1676284445105</td></tr><tr class="skippedodd"><td><a href="#m31">afterClass</a></td><td rowspan="1">1676284445261</td><td rowspan="1">-1676284445261</td></tr><tr class="skippedodd"><td><a href="#m32">afterTest</a></td><td rowspan="1">1676284445331</td><td rowspan="1">-1676284445331</td></tr><tr class="skippedodd"><td><a href="#m33">beforeclass</a></td><td rowspan="1">1676284445207</td><td rowspan="1">-1676284445207</td></tr><tr class="skippedodd"><td><a href="#m34">lunchbrowser</a></td><td rowspan="2">1676284445211</td><td rowspan="2">-1676284445211</td></tr><tr class="skippedodd"><td><a href="#m35">lunchbrowser</a></td></tr><tr class="skippedodd"><td><a href="#m36">tearDown</a></td><td rowspan="2">1676284445259</td><td rowspan="2">-1676284445259</td></tr><tr class="skippedodd"><td><a href="#m37">tearDown</a></td></tr><tr class="skippedeven"><td rowspan="8">TestNGnop.VerificationofnopcomTestNg</td><td><a href="#m38">Lunchbrowser</a></td><td rowspan="1">1676284445112</td><td rowspan="1">-1676284445112</td></tr><tr class="skippedeven"><td><a href="#m39">afterClass</a></td><td rowspan="1">1676284445304</td><td rowspan="1">-1676284445304</td></tr><tr class="skippedeven"><td><a href="#m40">afterMethod</a></td><td rowspan="2">1676284445243</td><td rowspan="2">-1676284445243</td></tr><tr class="skippedeven"><td><a href="#m41">afterMethod</a></td></tr><tr class="skippedeven"><td><a href="#m42">afterTest</a></td><td rowspan="1">1676284445337</td><td rowspan="1">-1676284445337</td></tr><tr class="skippedeven"><td><a href="#m43">beforeclass</a></td><td rowspan="1">1676284445232</td><td rowspan="1">-1676284445232</td></tr><tr class="skippedeven"><td><a href="#m44">lunchbrowser</a></td><td rowspan="2">1676284445253</td><td rowspan="2">-1676284445253</td></tr><tr class="skippedeven"><td><a href="#m45">lunchbrowser</a></td></tr><tr><th colspan="4">FireFoxTest &#8212; skipped</th></tr><tr class="skippedeven"><td rowspan="1">TestNGnop.VerificationofbookTestNG</td><td><a href="#m46">testVerificationofBookPurchase</a></td><td rowspan="1">1676284445219</td><td rowspan="1">0</td></tr><tr class="skippedodd"><td rowspan="2">TestNGnop.Verificationoflink</td><td><a href="#m47">testLOGIN</a></td><td rowspan="1">1676284445213</td><td rowspan="1">0</td></tr><tr class="skippedodd"><td><a href="#m48">testregistration</a></td><td rowspan="1">1676284445244</td><td rowspan="1">0</td></tr><tr class="skippedeven"><td rowspan="2">TestNGnop.VerificationofnopcomTestNg</td><td><a href="#m49">testlogin</a></td><td rowspan="1">1676284445256</td><td rowspan="1">0</td></tr><tr class="skippedeven"><td><a href="#m50">testregistration</a></td><td rowspan="1">1676284445239</td><td rowspan="1">0</td></tr></tbody>
</table>
<h2>ChromeTest</h2><h3 id="m0">TestNGnop.VerificationofbookTestNG#CreatPomObjects</h3><table class="result"><tr><th>Exception</th></tr><tr><td><div class="stacktrace">java.lang.NoSuchMethodError: &apos;void org.openqa.selenium.support.PageFactory.initElements(org.openqa.selenium.WebDriver, java.lang.Object)&apos;
	at Pomclassnopcom.homepagetestclass.&lt;init&gt;(homepagetestclass.java:33)
	at TestNGnop.VerificationofbookTestNG.CreatPomObjects(VerificationofbookTestNG.java:59)
	at java.base/java.util.concurrent.ThreadPoolExecutor.runWorker(ThreadPoolExecutor.java:1136)
	at java.base/java.util.concurrent.ThreadPoolExecutor$Worker.run(ThreadPoolExecutor.java:635)
	at java.base/java.lang.Thread.run(Thread.java:833)
... Removed 10 stack frames</div></td></tr></table><p class="totop"><a href="#summary">back to summary</a></p>
<h3 id="m1">TestNGnop.Verificationoflink#beforeclass</h3><table class="result"><tr><th>Exception</th></tr><tr><td><div class="stacktrace">java.lang.NoSuchMethodError: &apos;void org.openqa.selenium.support.PageFactory.initElements(org.openqa.selenium.WebDriver, java.lang.Object)&apos;
	at Pomclassnopcom.homepagetestclass.&lt;init&gt;(homepagetestclass.java:33)
	at TestNGnop.Verificationoflink.beforeclass(Verificationoflink.java:56)
	at java.base/java.util.concurrent.ThreadPoolExecutor.runWorker(ThreadPoolExecutor.java:1136)
	at java.base/java.util.concurrent.ThreadPoolExecutor$Worker.run(ThreadPoolExecutor.java:635)
	at java.base/java.lang.Thread.run(Thread.java:833)
... Removed 10 stack frames</div></td></tr></table><p class="totop"><a href="#summary">back to summary</a></p>
<h3 id="m2">TestNGnop.VerificationofnopcomTestNg#beforeclass</h3><table class="result"><tr><th>Exception</th></tr><tr><td><div class="stacktrace">java.lang.NoSuchMethodError: &apos;void org.openqa.selenium.support.PageFactory.initElements(org.openqa.selenium.WebDriver, java.lang.Object)&apos;
	at Pomclassnopcom.homepagetestclass.&lt;init&gt;(homepagetestclass.java:33)
	at TestNGnop.VerificationofnopcomTestNg.beforeclass(VerificationofnopcomTestNg.java:58)
	at java.base/java.util.concurrent.ThreadPoolExecutor.runWorker(ThreadPoolExecutor.java:1136)
	at java.base/java.util.concurrent.ThreadPoolExecutor$Worker.run(ThreadPoolExecutor.java:635)
	at java.base/java.lang.Thread.run(Thread.java:833)
... Removed 10 stack frames</div></td></tr></table><p class="totop"><a href="#summary">back to summary</a></p>
<h3 id="m3">TestNGnop.VerificationofbookTestNG#afterClass</h3><table class="result"><tr><th class="invisible"/></tr></table><p class="totop"><a href="#summary">back to summary</a></p>
<h3 id="m4">TestNGnop.VerificationofbookTestNG#afterMethod</h3><table class="result"><tr><th class="invisible"/></tr></table><p class="totop"><a href="#summary">back to summary</a></p>
<h3 id="m5">TestNGnop.VerificationofbookTestNG#afterTest</h3><table class="result"><tr><th class="invisible"/></tr></table><p class="totop"><a href="#summary">back to summary</a></p>
<h3 id="m6">TestNGnop.VerificationofbookTestNG#lunchbrowser</h3><table class="result"><tr><th class="invisible"/></tr></table><p class="totop"><a href="#summary">back to summary</a></p>
<h3 id="m7">TestNGnop.Verificationoflink#afterClass</h3><table class="result"><tr><th class="invisible"/></tr></table><p class="totop"><a href="#summary">back to summary</a></p>
<h3 id="m8">TestNGnop.Verificationoflink#afterTest</h3><table class="result"><tr><th class="invisible"/></tr></table><p class="totop"><a href="#summary">back to summary</a></p>
<h3 id="m9">TestNGnop.Verificationoflink#lunchbrowser</h3><table class="result"><tr><th class="invisible"/></tr></table><p class="totop"><a href="#summary">back to summary</a></p>
<h3 id="m10">TestNGnop.Verificationoflink#lunchbrowser</h3><table class="result"><tr><th class="invisible"/></tr></table><p class="totop"><a href="#summary">back to summary</a></p>
<h3 id="m11">TestNGnop.Verificationoflink#tearDown</h3><table class="result"><tr><th class="invisible"/></tr></table><p class="totop"><a href="#summary">back to summary</a></p>
<h3 id="m12">TestNGnop.Verificationoflink#tearDown</h3><table class="result"><tr><th class="invisible"/></tr></table><p class="totop"><a href="#summary">back to summary</a></p>
<h3 id="m13">TestNGnop.VerificationofnopcomTestNg#afterClass</h3><table class="result"><tr><th class="invisible"/></tr></table><p class="totop"><a href="#summary">back to summary</a></p>
<h3 id="m14">TestNGnop.VerificationofnopcomTestNg#afterMethod</h3><table class="result"><tr><th class="invisible"/></tr></table><p class="totop"><a href="#summary">back to summary</a></p>
<h3 id="m15">TestNGnop.VerificationofnopcomTestNg#afterMethod</h3><table class="result"><tr><th class="invisible"/></tr></table><p class="totop"><a href="#summary">back to summary</a></p>
<h3 id="m16">TestNGnop.VerificationofnopcomTestNg#afterTest</h3><table class="result"><tr><th class="invisible"/></tr></table><p class="totop"><a href="#summary">back to summary</a></p>
<h3 id="m17">TestNGnop.VerificationofnopcomTestNg#lunchbrowser</h3><table class="result"><tr><th class="invisible"/></tr></table><p class="totop"><a href="#summary">back to summary</a></p>
<h3 id="m18">TestNGnop.VerificationofnopcomTestNg#lunchbrowser</h3><table class="result"><tr><th class="invisible"/></tr></table><p class="totop"><a href="#summary">back to summary</a></p>
<h3 id="m19">TestNGnop.VerificationofbookTestNG#testVerificationofBookPurchase</h3><table class="result"><tr><th>Exception</th></tr><tr><td><div class="stacktrace">java.lang.NoSuchMethodError: &apos;void org.openqa.selenium.support.PageFactory.initElements(org.openqa.selenium.WebDriver, java.lang.Object)&apos;
	at Pomclassnopcom.homepagetestclass.&lt;init&gt;(homepagetestclass.java:33)
	at TestNGnop.VerificationofbookTestNG.CreatPomObjects(VerificationofbookTestNG.java:59)
	at java.base/java.util.concurrent.ThreadPoolExecutor.runWorker(ThreadPoolExecutor.java:1136)
	at java.base/java.util.concurrent.ThreadPoolExecutor$Worker.run(ThreadPoolExecutor.java:635)
	at java.base/java.lang.Thread.run(Thread.java:833)
... Removed 10 stack frames</div></td></tr></table><p class="totop"><a href="#summary">back to summary</a></p>
<h3 id="m20">TestNGnop.Verificationoflink#testLOGIN</h3><table class="result"><tr><th>Exception</th></tr><tr><td><div class="stacktrace">java.lang.NoSuchMethodError: &apos;void org.openqa.selenium.support.PageFactory.initElements(org.openqa.selenium.WebDriver, java.lang.Object)&apos;
	at Pomclassnopcom.homepagetestclass.&lt;init&gt;(homepagetestclass.java:33)
	at TestNGnop.Verificationoflink.beforeclass(Verificationoflink.java:56)
	at java.base/java.util.concurrent.ThreadPoolExecutor.runWorker(ThreadPoolExecutor.java:1136)
	at java.base/java.util.concurrent.ThreadPoolExecutor$Worker.run(ThreadPoolExecutor.java:635)
	at java.base/java.lang.Thread.run(Thread.java:833)
... Removed 10 stack frames</div></td></tr></table><p class="totop"><a href="#summary">back to summary</a></p>
<h3 id="m21">TestNGnop.Verificationoflink#testregistration</h3><table class="result"><tr><th>Exception</th></tr><tr><td><div class="stacktrace">java.lang.NoSuchMethodError: &apos;void org.openqa.selenium.support.PageFactory.initElements(org.openqa.selenium.WebDriver, java.lang.Object)&apos;
	at Pomclassnopcom.homepagetestclass.&lt;init&gt;(homepagetestclass.java:33)
	at TestNGnop.Verificationoflink.beforeclass(Verificationoflink.java:56)
	at java.base/java.util.concurrent.ThreadPoolExecutor.runWorker(ThreadPoolExecutor.java:1136)
	at java.base/java.util.concurrent.ThreadPoolExecutor$Worker.run(ThreadPoolExecutor.java:635)
	at java.base/java.lang.Thread.run(Thread.java:833)
... Removed 10 stack frames</div></td></tr></table><p class="totop"><a href="#summary">back to summary</a></p>
<h3 id="m22">TestNGnop.VerificationofnopcomTestNg#testlogin</h3><table class="result"><tr><th>Exception</th></tr><tr><td><div class="stacktrace">java.lang.NoSuchMethodError: &apos;void org.openqa.selenium.support.PageFactory.initElements(org.openqa.selenium.WebDriver, java.lang.Object)&apos;
	at Pomclassnopcom.homepagetestclass.&lt;init&gt;(homepagetestclass.java:33)
	at TestNGnop.VerificationofnopcomTestNg.beforeclass(VerificationofnopcomTestNg.java:58)
	at java.base/java.util.concurrent.ThreadPoolExecutor.runWorker(ThreadPoolExecutor.java:1136)
	at java.base/java.util.concurrent.ThreadPoolExecutor$Worker.run(ThreadPoolExecutor.java:635)
	at java.base/java.lang.Thread.run(Thread.java:833)
... Removed 10 stack frames</div></td></tr></table><p class="totop"><a href="#summary">back to summary</a></p>
<h3 id="m23">TestNGnop.VerificationofnopcomTestNg#testregistration</h3><table class="result"><tr><th>Exception</th></tr><tr><td><div class="stacktrace">java.lang.NoSuchMethodError: &apos;void org.openqa.selenium.support.PageFactory.initElements(org.openqa.selenium.WebDriver, java.lang.Object)&apos;
	at Pomclassnopcom.homepagetestclass.&lt;init&gt;(homepagetestclass.java:33)
	at TestNGnop.VerificationofnopcomTestNg.beforeclass(VerificationofnopcomTestNg.java:58)
	at java.base/java.util.concurrent.ThreadPoolExecutor.runWorker(ThreadPoolExecutor.java:1136)
	at java.base/java.util.concurrent.ThreadPoolExecutor$Worker.run(ThreadPoolExecutor.java:635)
	at java.base/java.lang.Thread.run(Thread.java:833)
... Removed 10 stack frames</div></td></tr></table><p class="totop"><a href="#summary">back to summary</a></p>
<h2>FireFoxTest</h2><h3 id="m24">TestNGnop.VerificationofbookTestNG#Lunchbrowser</h3><table class="result"><tr class="param"><th>Parameter #1</th></tr><tr class="param stripe"><td>Firefox</td></tr><tr><th>Exception</th></tr><tr><td><div class="stacktrace">org.openqa.selenium.SessionNotCreatedException: Could not start a new session. Possible causes are invalid address of the remote server or browser start-up failure. 
Host info: host: &apos;AAGAM-SHAH&apos;, ip: &apos;192.168.0.104&apos;
	at org.openqa.selenium.remote.RemoteWebDriver.execute(RemoteWebDriver.java:559)
	at org.openqa.selenium.remote.RemoteWebDriver.startSession(RemoteWebDriver.java:242)
	at org.openqa.selenium.remote.RemoteWebDriver.&lt;init&gt;(RemoteWebDriver.java:157)
	at org.openqa.selenium.firefox.FirefoxDriver.&lt;init&gt;(FirefoxDriver.java:111)
	at org.openqa.selenium.firefox.FirefoxDriver.&lt;init&gt;(FirefoxDriver.java:99)
	at org.openqa.selenium.firefox.FirefoxDriver.&lt;init&gt;(FirefoxDriver.java:95)
	at Base.Browser.openFirefoxBrowser(Browser.java:20)
	at TestNGnop.VerificationofbookTestNG.Lunchbrowser(VerificationofbookTestNG.java:45)
Caused by: org.openqa.selenium.WebDriverException: Driver server process died prematurely.
Build info: version: &apos;4.7.0&apos;, revision: &apos;52e3a49ea2&apos;
System info: os.name: &apos;Windows 10&apos;, os.arch: &apos;amd64&apos;, os.version: &apos;10.0&apos;, java.version: &apos;17.0.4.1&apos;
Driver info: driver.version: FirefoxDriver
	at org.openqa.selenium.remote.service.DriverService.start(DriverService.java:239)
	at org.openqa.selenium.remote.service.DriverCommandExecutor.execute(DriverCommandExecutor.java:98)
	at org.openqa.selenium.remote.RemoteWebDriver.execute(RemoteWebDriver.java:541)
	... 31 more
... Removed 24 stack frames</div></td></tr></table><p class="totop"><a href="#summary">back to summary</a></p>
<h3 id="m25">TestNGnop.VerificationofbookTestNG#CreatPomObjects</h3><table class="result"><tr><th class="invisible"/></tr></table><p class="totop"><a href="#summary">back to summary</a></p>
<h3 id="m26">TestNGnop.VerificationofbookTestNG#afterClass</h3><table class="result"><tr><th class="invisible"/></tr></table><p class="totop"><a href="#summary">back to summary</a></p>
<h3 id="m27">TestNGnop.VerificationofbookTestNG#afterMethod</h3><table class="result"><tr><th class="invisible"/></tr></table><p class="totop"><a href="#summary">back to summary</a></p>
<h3 id="m28">TestNGnop.VerificationofbookTestNG#afterTest</h3><table class="result"><tr><th class="invisible"/></tr></table><p class="totop"><a href="#summary">back to summary</a></p>
<h3 id="m29">TestNGnop.VerificationofbookTestNG#lunchbrowser</h3><table class="result"><tr><th class="invisible"/></tr></table><p class="totop"><a href="#summary">back to summary</a></p>
<h3 id="m30">TestNGnop.Verificationoflink#Lunchbrowser</h3><table class="result"><tr><th class="invisible"/></tr></table><p class="totop"><a href="#summary">back to summary</a></p>
<h3 id="m31">TestNGnop.Verificationoflink#afterClass</h3><table class="result"><tr><th class="invisible"/></tr></table><p class="totop"><a href="#summary">back to summary</a></p>
<h3 id="m32">TestNGnop.Verificationoflink#afterTest</h3><table class="result"><tr><th class="invisible"/></tr></table><p class="totop"><a href="#summary">back to summary</a></p>
<h3 id="m33">TestNGnop.Verificationoflink#beforeclass</h3><table class="result"><tr><th class="invisible"/></tr></table><p class="totop"><a href="#summary">back to summary</a></p>
<h3 id="m34">TestNGnop.Verificationoflink#lunchbrowser</h3><table class="result"><tr><th class="invisible"/></tr></table><p class="totop"><a href="#summary">back to summary</a></p>
<h3 id="m35">TestNGnop.Verificationoflink#lunchbrowser</h3><table class="result"><tr><th class="invisible"/></tr></table><p class="totop"><a href="#summary">back to summary</a></p>
<h3 id="m36">TestNGnop.Verificationoflink#tearDown</h3><table class="result"><tr><th class="invisible"/></tr></table><p class="totop"><a href="#summary">back to summary</a></p>
<h3 id="m37">TestNGnop.Verificationoflink#tearDown</h3><table class="result"><tr><th class="invisible"/></tr></table><p class="totop"><a href="#summary">back to summary</a></p>
<h3 id="m38">TestNGnop.VerificationofnopcomTestNg#Lunchbrowser</h3><table class="result"><tr><th class="invisible"/></tr></table><p class="totop"><a href="#summary">back to summary</a></p>
<h3 id="m39">TestNGnop.VerificationofnopcomTestNg#afterClass</h3><table class="result"><tr><th class="invisible"/></tr></table><p class="totop"><a href="#summary">back to summary</a></p>
<h3 id="m40">TestNGnop.VerificationofnopcomTestNg#afterMethod</h3><table class="result"><tr><th class="invisible"/></tr></table><p class="totop"><a href="#summary">back to summary</a></p>
<h3 id="m41">TestNGnop.VerificationofnopcomTestNg#afterMethod</h3><table class="result"><tr><th class="invisible"/></tr></table><p class="totop"><a href="#summary">back to summary</a></p>
<h3 id="m42">TestNGnop.VerificationofnopcomTestNg#afterTest</h3><table class="result"><tr><th class="invisible"/></tr></table><p class="totop"><a href="#summary">back to summary</a></p>
<h3 id="m43">TestNGnop.VerificationofnopcomTestNg#beforeclass</h3><table class="result"><tr><th class="invisible"/></tr></table><p class="totop"><a href="#summary">back to summary</a></p>
<h3 id="m44">TestNGnop.VerificationofnopcomTestNg#lunchbrowser</h3><table class="result"><tr><th class="invisible"/></tr></table><p class="totop"><a href="#summary">back to summary</a></p>
<h3 id="m45">TestNGnop.VerificationofnopcomTestNg#lunchbrowser</h3><table class="result"><tr><th class="invisible"/></tr></table><p class="totop"><a href="#summary">back to summary</a></p>
<h3 id="m46">TestNGnop.VerificationofbookTestNG#testVerificationofBookPurchase</h3><table class="result"><tr><th>Exception</th></tr><tr><td><div class="stacktrace">org.openqa.selenium.SessionNotCreatedException: Could not start a new session. Possible causes are invalid address of the remote server or browser start-up failure. 
Host info: host: &apos;AAGAM-SHAH&apos;, ip: &apos;192.168.0.104&apos;
	at org.openqa.selenium.remote.RemoteWebDriver.execute(RemoteWebDriver.java:559)
	at org.openqa.selenium.remote.RemoteWebDriver.startSession(RemoteWebDriver.java:242)
	at org.openqa.selenium.remote.RemoteWebDriver.&lt;init&gt;(RemoteWebDriver.java:157)
	at org.openqa.selenium.firefox.FirefoxDriver.&lt;init&gt;(FirefoxDriver.java:111)
	at org.openqa.selenium.firefox.FirefoxDriver.&lt;init&gt;(FirefoxDriver.java:99)
	at org.openqa.selenium.firefox.FirefoxDriver.&lt;init&gt;(FirefoxDriver.java:95)
	at Base.Browser.openFirefoxBrowser(Browser.java:20)
	at TestNGnop.VerificationofbookTestNG.Lunchbrowser(VerificationofbookTestNG.java:45)
Caused by: org.openqa.selenium.WebDriverException: Driver server process died prematurely.
Build info: version: &apos;4.7.0&apos;, revision: &apos;52e3a49ea2&apos;
System info: os.name: &apos;Windows 10&apos;, os.arch: &apos;amd64&apos;, os.version: &apos;10.0&apos;, java.version: &apos;17.0.4.1&apos;
Driver info: driver.version: FirefoxDriver
	at org.openqa.selenium.remote.service.DriverService.start(DriverService.java:239)
	at org.openqa.selenium.remote.service.DriverCommandExecutor.execute(DriverCommandExecutor.java:98)
	at org.openqa.selenium.remote.RemoteWebDriver.execute(RemoteWebDriver.java:541)
	... 31 more
... Removed 24 stack frames</div></td></tr></table><p class="totop"><a href="#summary">back to summary</a></p>
<h3 id="m47">TestNGnop.Verificationoflink#testLOGIN</h3><table class="result"><tr><th>Exception</th></tr><tr><td><div class="stacktrace">org.openqa.selenium.SessionNotCreatedException: Could not start a new session. Possible causes are invalid address of the remote server or browser start-up failure. 
Host info: host: &apos;AAGAM-SHAH&apos;, ip: &apos;192.168.0.104&apos;
	at org.openqa.selenium.remote.RemoteWebDriver.execute(RemoteWebDriver.java:559)
	at org.openqa.selenium.remote.RemoteWebDriver.startSession(RemoteWebDriver.java:242)
	at org.openqa.selenium.remote.RemoteWebDriver.&lt;init&gt;(RemoteWebDriver.java:157)
	at org.openqa.selenium.firefox.FirefoxDriver.&lt;init&gt;(FirefoxDriver.java:111)
	at org.openqa.selenium.firefox.FirefoxDriver.&lt;init&gt;(FirefoxDriver.java:99)
	at org.openqa.selenium.firefox.FirefoxDriver.&lt;init&gt;(FirefoxDriver.java:95)
	at Base.Browser.openFirefoxBrowser(Browser.java:20)
	at TestNGnop.VerificationofbookTestNG.Lunchbrowser(VerificationofbookTestNG.java:45)
Caused by: org.openqa.selenium.WebDriverException: Driver server process died prematurely.
Build info: version: &apos;4.7.0&apos;, revision: &apos;52e3a49ea2&apos;
System info: os.name: &apos;Windows 10&apos;, os.arch: &apos;amd64&apos;, os.version: &apos;10.0&apos;, java.version: &apos;17.0.4.1&apos;
Driver info: driver.version: FirefoxDriver
	at org.openqa.selenium.remote.service.DriverService.start(DriverService.java:239)
	at org.openqa.selenium.remote.service.DriverCommandExecutor.execute(DriverCommandExecutor.java:98)
	at org.openqa.selenium.remote.RemoteWebDriver.execute(RemoteWebDriver.java:541)
	... 31 more
... Removed 24 stack frames</div></td></tr></table><p class="totop"><a href="#summary">back to summary</a></p>
<h3 id="m48">TestNGnop.Verificationoflink#testregistration</h3><table class="result"><tr><th>Exception</th></tr><tr><td><div class="stacktrace">org.openqa.selenium.SessionNotCreatedException: Could not start a new session. Possible causes are invalid address of the remote server or browser start-up failure. 
Host info: host: &apos;AAGAM-SHAH&apos;, ip: &apos;192.168.0.104&apos;
	at org.openqa.selenium.remote.RemoteWebDriver.execute(RemoteWebDriver.java:559)
	at org.openqa.selenium.remote.RemoteWebDriver.startSession(RemoteWebDriver.java:242)
	at org.openqa.selenium.remote.RemoteWebDriver.&lt;init&gt;(RemoteWebDriver.java:157)
	at org.openqa.selenium.firefox.FirefoxDriver.&lt;init&gt;(FirefoxDriver.java:111)
	at org.openqa.selenium.firefox.FirefoxDriver.&lt;init&gt;(FirefoxDriver.java:99)
	at org.openqa.selenium.firefox.FirefoxDriver.&lt;init&gt;(FirefoxDriver.java:95)
	at Base.Browser.openFirefoxBrowser(Browser.java:20)
	at TestNGnop.VerificationofbookTestNG.Lunchbrowser(VerificationofbookTestNG.java:45)
Caused by: org.openqa.selenium.WebDriverException: Driver server process died prematurely.
Build info: version: &apos;4.7.0&apos;, revision: &apos;52e3a49ea2&apos;
System info: os.name: &apos;Windows 10&apos;, os.arch: &apos;amd64&apos;, os.version: &apos;10.0&apos;, java.version: &apos;17.0.4.1&apos;
Driver info: driver.version: FirefoxDriver
	at org.openqa.selenium.remote.service.DriverService.start(DriverService.java:239)
	at org.openqa.selenium.remote.service.DriverCommandExecutor.execute(DriverCommandExecutor.java:98)
	at org.openqa.selenium.remote.RemoteWebDriver.execute(RemoteWebDriver.java:541)
	... 31 more
... Removed 24 stack frames</div></td></tr></table><p class="totop"><a href="#summary">back to summary</a></p>
<h3 id="m49">TestNGnop.VerificationofnopcomTestNg#testlogin</h3><table class="result"><tr><th>Exception</th></tr><tr><td><div class="stacktrace">org.openqa.selenium.SessionNotCreatedException: Could not start a new session. Possible causes are invalid address of the remote server or browser start-up failure. 
Host info: host: &apos;AAGAM-SHAH&apos;, ip: &apos;192.168.0.104&apos;
	at org.openqa.selenium.remote.RemoteWebDriver.execute(RemoteWebDriver.java:559)
	at org.openqa.selenium.remote.RemoteWebDriver.startSession(RemoteWebDriver.java:242)
	at org.openqa.selenium.remote.RemoteWebDriver.&lt;init&gt;(RemoteWebDriver.java:157)
	at org.openqa.selenium.firefox.FirefoxDriver.&lt;init&gt;(FirefoxDriver.java:111)
	at org.openqa.selenium.firefox.FirefoxDriver.&lt;init&gt;(FirefoxDriver.java:99)
	at org.openqa.selenium.firefox.FirefoxDriver.&lt;init&gt;(FirefoxDriver.java:95)
	at Base.Browser.openFirefoxBrowser(Browser.java:20)
	at TestNGnop.VerificationofbookTestNG.Lunchbrowser(VerificationofbookTestNG.java:45)
Caused by: org.openqa.selenium.WebDriverException: Driver server process died prematurely.
Build info: version: &apos;4.7.0&apos;, revision: &apos;52e3a49ea2&apos;
System info: os.name: &apos;Windows 10&apos;, os.arch: &apos;amd64&apos;, os.version: &apos;10.0&apos;, java.version: &apos;17.0.4.1&apos;
Driver info: driver.version: FirefoxDriver
	at org.openqa.selenium.remote.service.DriverService.start(DriverService.java:239)
	at org.openqa.selenium.remote.service.DriverCommandExecutor.execute(DriverCommandExecutor.java:98)
	at org.openqa.selenium.remote.RemoteWebDriver.execute(RemoteWebDriver.java:541)
	... 31 more
... Removed 24 stack frames</div></td></tr></table><p class="totop"><a href="#summary">back to summary</a></p>
<h3 id="m50">TestNGnop.VerificationofnopcomTestNg#testregistration</h3><table class="result"><tr><th>Exception</th></tr><tr><td><div class="stacktrace">org.openqa.selenium.SessionNotCreatedException: Could not start a new session. Possible causes are invalid address of the remote server or browser start-up failure. 
Host info: host: &apos;AAGAM-SHAH&apos;, ip: &apos;192.168.0.104&apos;
	at org.openqa.selenium.remote.RemoteWebDriver.execute(RemoteWebDriver.java:559)
	at org.openqa.selenium.remote.RemoteWebDriver.startSession(RemoteWebDriver.java:242)
	at org.openqa.selenium.remote.RemoteWebDriver.&lt;init&gt;(RemoteWebDriver.java:157)
	at org.openqa.selenium.firefox.FirefoxDriver.&lt;init&gt;(FirefoxDriver.java:111)
	at org.openqa.selenium.firefox.FirefoxDriver.&lt;init&gt;(FirefoxDriver.java:99)
	at org.openqa.selenium.firefox.FirefoxDriver.&lt;init&gt;(FirefoxDriver.java:95)
	at Base.Browser.openFirefoxBrowser(Browser.java:20)
	at TestNGnop.VerificationofbookTestNG.Lunchbrowser(VerificationofbookTestNG.java:45)
Caused by: org.openqa.selenium.WebDriverException: Driver server process died prematurely.
Build info: version: &apos;4.7.0&apos;, revision: &apos;52e3a49ea2&apos;
System info: os.name: &apos;Windows 10&apos;, os.arch: &apos;amd64&apos;, os.version: &apos;10.0&apos;, java.version: &apos;17.0.4.1&apos;
Driver info: driver.version: FirefoxDriver
	at org.openqa.selenium.remote.service.DriverService.start(DriverService.java:239)
	at org.openqa.selenium.remote.service.DriverCommandExecutor.execute(DriverCommandExecutor.java:98)
	at org.openqa.selenium.remote.RemoteWebDriver.execute(RemoteWebDriver.java:541)
	... 31 more
... Removed 24 stack frames</div></td></tr></table><p class="totop"><a href="#summary">back to summary</a></p>
</body>
</html>
