<?xml version="1.0" encoding="UTF-8"?>
<!-- Generated by org.testng.reporters.JUnitXMLReporter -->
<testsuite ignored="0" hostname="AAGAM-SHAH" failures="0" tests="1" name="Default test" time="0.138" errors="0" timestamp="2023-02-02T11:10:54 IST">
  <testcase classname="TestNGnop.VerificationofbookTestNG" name="@BeforeTest Lunchbrowser" time="-1.675316454136E9">
    <failure type="org.testng.TestNGException" message="
Parameter &amp;apos;Browser123&amp;apos; is required by BeforeTest on method Lunchbrowser but has not been marked @Optional or defined
in C:\Users\welcome\AppData\Local\Temp\testng-eclipse-59168928\testng-customsuite.xml">
      <![CDATA[org.testng.TestNGException: 
Parameter 'Browser123' is required by BeforeTest on method Lunchbrowser but has not been marked @Optional or defined
in C:\Users\welcome\AppData\Local\Temp\testng-eclipse-59168928\testng-customsuite.xml
at org.testng.internal.Parameters.createParams(Parameters.java:270)
at org.testng.internal.Parameters.createParametersForMethod(Parameters.java:358)
at org.testng.internal.Parameters.createParameters(Parameters.java:700)
at org.testng.internal.Parameters.createConfigurationParameters(Parameters.java:168)
at org.testng.internal.ConfigInvoker.invokeConfigurations(ConfigInvoker.java:302)
at org.testng.TestRunner.invokeTestConfigurations(TestRunner.java:637)
at org.testng.TestRunner.beforeRun(TestRunner.java:627)
at org.testng.TestRunner.run(TestRunner.java:589)
at org.testng.SuiteRunner.runTest(SuiteRunner.java:377)
at org.testng.SuiteRunner.runSequentially(SuiteRunner.java:371)
at org.testng.SuiteRunner.privateRun(SuiteRunner.java:332)
at org.testng.SuiteRunner.run(SuiteRunner.java:276)
at org.testng.SuiteRunnerWorker.runSuite(SuiteRunnerWorker.java:53)
at org.testng.SuiteRunnerWorker.run(SuiteRunnerWorker.java:96)
at org.testng.TestNG.runSuitesSequentially(TestNG.java:1212)
at org.testng.TestNG.runSuitesLocally(TestNG.java:1134)
at org.testng.TestNG.runSuites(TestNG.java:1063)
at org.testng.TestNG.run(TestNG.java:1031)
at org.testng.remote.AbstractRemoteTestNG.run(AbstractRemoteTestNG.java:115)
at org.testng.remote.RemoteTestNG.initAndRun(RemoteTestNG.java:251)
at org.testng.remote.RemoteTestNG.main(RemoteTestNG.java:77)
]]>
    </failure>
  </testcase> <!-- @BeforeTest Lunchbrowser -->
  <testcase classname="TestNGnop.VerificationofbookTestNG" name="@BeforeClass CreatPomObjects" time="-1.675316454184E9">
    <skipped/>
  </testcase> <!-- @BeforeClass CreatPomObjects -->
  <testcase classname="TestNGnop.VerificationofbookTestNG" name="@BeforeMethod lunchbrowser" time="-1.675316454225E9">
    <skipped/>
  </testcase> <!-- @BeforeMethod lunchbrowser -->
  <testcase classname="TestNGnop.VerificationofbookTestNG" name="@AfterMethod afterMethod" time="-1.675316454247E9">
    <skipped/>
  </testcase> <!-- @AfterMethod afterMethod -->
  <testcase classname="TestNGnop.VerificationofbookTestNG" name="@AfterClass afterClass" time="-1.675316454254E9">
    <skipped/>
  </testcase> <!-- @AfterClass afterClass -->
  <testcase classname="TestNGnop.VerificationofbookTestNG" name="@AfterTest afterTest" time="-1.675316454264E9">
    <skipped/>
  </testcase> <!-- @AfterTest afterTest -->
  <testcase classname="TestNGnop.VerificationofbookTestNG" name="testVerificationofBookPurchase" time="0.0">
    <skipped/>
  </testcase> <!-- testVerificationofBookPurchase -->
</testsuite> <!-- Default test -->
